2025-06-25 23:38:54,544 - db_helper - INFO - fetch_expenses_for_date called with 2024-08-04
2025-06-25 23:38:59,194 - db_helper - INFO - delete_expenses_for_date called with 2024-08-04
2025-06-25 23:38:59,305 - db_helper - INFO - insert_expense called with date: 2024-08-04, amount: 1000.0, category: Shoping, notes: Bought some flowers
2025-06-25 23:38:59,390 - db_helper - INFO - insert_expense called with date: 2024-08-04, amount: 2000.0, category: Food, notes: Dinner at a restaurant
2025-06-26 00:13:48,126 - db_helper - INFO - delete_expenses_for_date called with 2024-08-04
2025-06-26 00:13:48,244 - db_helper - INFO - insert_expense called with date: 2024-08-04, amount: 1000.0, category: Shoping, notes: Bought some flowers
2025-06-26 00:13:48,330 - db_helper - INFO - insert_expense called with date: 2024-08-04, amount: 2000.0, category: Food, notes: Dinner at a restaurant
2025-06-26 00:14:19,286 - db_helper - INFO - fetch_expenses_for_date called with 2024-08-04
2025-06-26 00:14:23,152 - db_helper - INFO - delete_expenses_for_date called with 2024-08-04
2025-06-26 00:14:23,265 - db_helper - INFO - insert_expense called with date: 2024-08-04, amount: 1000.0, category: Shoping, notes: Bought some flowers
2025-06-26 00:14:23,358 - db_helper - INFO - insert_expense called with date: 2024-08-04, amount: 2000.0, category: Food, notes: Dinner at a restaurant
2025-06-26 00:16:12,885 - db_helper - INFO - fetch_expenses_for_date called with 2024-09-03
2025-06-26 00:16:29,908 - db_helper - INFO - delete_expenses_for_date called with 2024-09-03
2025-06-26 00:16:30,020 - db_helper - INFO - insert_expense called with date: 2024-09-03, amount: 1000.0, category: Shoping, notes: Bought some flowers
2025-06-26 00:16:30,107 - db_helper - INFO - insert_expense called with date: 2024-09-03, amount: 2000.0, category: Food, notes: Dinner at a restaurant
2025-06-26 00:27:10,144 - db_helper - INFO - delete_expenses_for_date called with 2024-09-03
2025-06-26 00:27:10,221 - db_helper - INFO - insert_expense called with date: 2024-09-03, amount: 1000.0, category: Shoping, notes: Bought some flowers
2025-06-26 00:27:10,280 - db_helper - INFO - insert_expense called with date: 2024-09-03, amount: 2000.0, category: Food, notes: Dinner at a restaurant
2025-06-26 00:27:19,619 - db_helper - INFO - delete_expenses_for_date called with 2024-09-03
2025-06-26 00:27:19,711 - db_helper - INFO - insert_expense called with date: 2024-09-03, amount: 1000.0, category: Shoping, notes: Bought some flowers
2025-06-26 00:27:19,765 - db_helper - INFO - insert_expense called with date: 2024-09-03, amount: 2000.0, category: Food, notes: Dinner at a restaurant
2025-06-26 01:43:41,447 - db_helper - INFO - fetch_expenses_for_date called with 2024-08-01
2025-06-26 01:43:48,139 - db_helper - INFO - delete_expenses_for_date called with 2024-09-03
2025-06-26 01:43:48,219 - db_helper - INFO - insert_expense called with date: 2024-09-03, amount: 1000.0, category: Shoping, notes: Bought some flowers
2025-06-26 01:43:48,310 - db_helper - INFO - insert_expense called with date: 2024-09-03, amount: 2000.0, category: Food, notes: Dinner at a restaurant
2025-06-26 01:44:02,037 - db_helper - INFO - delete_expenses_for_date called with 2024-08-01
2025-06-26 01:44:02,109 - db_helper - INFO - insert_expense called with date: 2024-08-01, amount: 1000.0, category: Shoping, notes: Bought some flowers
2025-06-26 01:44:02,194 - db_helper - INFO - insert_expense called with date: 2024-08-01, amount: 2000.0, category: Food, notes: Dinner at a restaurant
2025-06-26 01:44:09,315 - db_helper - INFO - fetch_expenses_for_date called with 2024-08-01
2025-06-26 02:02:21,101 - db_helper - INFO - delete_expenses_for_date called with 2024-08-01
2025-06-26 02:02:21,203 - db_helper - INFO - insert_expense called with date: 2024-08-01, amount: 1000.0, category: Shoping, notes: Bought some flowers
2025-06-26 02:02:21,287 - db_helper - INFO - insert_expense called with date: 2024-08-01, amount: 2000.0, category: Food, notes: Dinner at a restaurant
2025-06-26 02:03:44,415 - db_helper - INFO - fetch_expenses_for_date called with 2024-08-01
2025-06-26 02:06:28,769 - db_helper - INFO - fetch_expenses_for_date called with 2024-08-01
2025-06-26 02:09:49,436 - db_helper - INFO - fetch_expenses_for_date called with 2024-08-01
2025-06-26 02:12:18,383 - db_helper - INFO - fetch_expenses_for_date called with 2024-08-01
2025-06-26 02:12:34,934 - db_helper - INFO - fetch_expenses_for_date called with 2024-08-08
2025-06-26 02:12:38,134 - db_helper - INFO - fetch_expenses_for_date called with 2024-08-09
2025-06-26 02:12:44,519 - db_helper - INFO - fetch_expenses_for_date called with 2024-08-01
2025-06-26 02:19:32,602 - db_helper - INFO - fetch_expenses_for_date called with 2024-08-01
2025-06-26 02:21:24,831 - db_helper - INFO - fetch_expenses_for_date called with 2024-08-01
2025-06-26 02:21:26,667 - db_helper - INFO - fetch_expenses_for_date called with 2024-08-01
2025-06-26 02:21:26,722 - db_helper - INFO - delete_expenses_for_date called with 2024-08-01
2025-06-26 02:21:26,767 - db_helper - INFO - insert_expense called with date: 2024-08-01, amount: 1000.0, category: Rent, notes: Bought some flowers
2025-06-26 02:21:26,802 - db_helper - INFO - insert_expense called with date: 2024-08-01, amount: 2000.0, category: Food, notes: Dinner at a restaurant
2025-06-26 02:21:42,910 - db_helper - INFO - fetch_expenses_for_date called with 2025-06-26
2025-06-26 02:21:49,462 - db_helper - INFO - fetch_expenses_for_date called with 2025-06-25
2025-06-26 02:21:56,032 - db_helper - INFO - fetch_expenses_for_date called with 2025-06-25
2025-06-26 02:21:56,167 - db_helper - INFO - delete_expenses_for_date called with 2025-06-25
2025-06-26 02:21:56,260 - db_helper - INFO - insert_expense called with date: 2025-06-25, amount: 40.0, category: Shopping, notes: 
2025-06-26 02:22:04,589 - db_helper - INFO - fetch_expenses_for_date called with 2025-06-25
2025-06-26 02:22:04,702 - db_helper - INFO - delete_expenses_for_date called with 2025-06-25
2025-06-26 02:22:04,802 - db_helper - INFO - insert_expense called with date: 2025-06-25, amount: 40.0, category: Food, notes: pani puri
2025-06-26 02:22:38,643 - db_helper - INFO - fetch_expenses_for_date called with 2025-06-25
2025-06-26 02:22:38,772 - db_helper - INFO - delete_expenses_for_date called with 2025-06-25
2025-06-26 02:22:38,858 - db_helper - INFO - insert_expense called with date: 2025-06-25, amount: 40.0, category: Food, notes: pani puri
2025-06-26 02:22:38,956 - db_helper - INFO - insert_expense called with date: 2025-06-25, amount: 10.0, category: Shopping, notes: pen
2025-06-26 02:22:43,412 - db_helper - INFO - fetch_expenses_for_date called with 2025-06-11
2025-06-26 02:22:55,285 - db_helper - INFO - fetch_expenses_for_date called with 2024-08-08
2025-06-26 02:22:58,760 - db_helper - INFO - fetch_expenses_for_date called with 2024-08-08
2025-06-26 02:22:58,904 - db_helper - INFO - delete_expenses_for_date called with 2024-08-08
2025-06-26 02:22:58,974 - db_helper - INFO - insert_expense called with date: 2024-08-08, amount: 10.0, category: Shopping, notes: pen
2025-06-26 02:23:05,062 - db_helper - INFO - fetch_expenses_for_date called with 2024-08-08
2025-06-26 02:23:05,179 - db_helper - INFO - delete_expenses_for_date called with 2024-08-08
2025-06-26 02:23:05,269 - db_helper - INFO - insert_expense called with date: 2024-08-08, amount: 10.0, category: Shopping, notes: pen
2025-06-26 02:23:05,368 - db_helper - INFO - insert_expense called with date: 2024-08-08, amount: 10.0, category: Shopping, notes: 
2025-06-26 02:23:12,236 - db_helper - INFO - fetch_expenses_for_date called with 2024-08-08
2025-06-26 02:23:12,370 - db_helper - INFO - delete_expenses_for_date called with 2024-08-08
2025-06-26 02:23:12,447 - db_helper - INFO - insert_expense called with date: 2024-08-08, amount: 10.0, category: Shopping, notes: 
2025-06-26 02:23:12,522 - db_helper - INFO - insert_expense called with date: 2024-08-08, amount: 10.0, category: Shopping, notes: 
2025-06-26 02:23:22,504 - db_helper - INFO - fetch_expenses_for_date called with 2024-08-08
2025-06-26 02:23:22,657 - db_helper - INFO - delete_expenses_for_date called with 2024-08-08
2025-06-26 02:23:22,739 - db_helper - INFO - insert_expense called with date: 2024-08-08, amount: 10.0, category: Shopping, notes: 
2025-06-26 02:23:22,865 - db_helper - INFO - insert_expense called with date: 2024-08-08, amount: 10.0, category: Shopping, notes: 
2025-06-26 02:23:25,586 - db_helper - INFO - fetch_expenses_for_date called with 2024-08-08
2025-06-26 02:23:25,736 - db_helper - INFO - delete_expenses_for_date called with 2024-08-08
2025-06-26 02:23:25,852 - db_helper - INFO - insert_expense called with date: 2024-08-08, amount: 10.0, category: Shopping, notes: 
2025-06-26 02:23:25,944 - db_helper - INFO - insert_expense called with date: 2024-08-08, amount: 10.0, category: Shopping, notes: 
2025-06-26 02:23:34,112 - db_helper - INFO - fetch_expenses_for_date called with 2024-08-08
2025-06-26 02:23:40,373 - db_helper - INFO - fetch_expenses_for_date called with 2024-08-21
2025-06-26 02:23:45,596 - db_helper - INFO - fetch_expenses_for_date called with 2024-08-01
2025-06-26 02:24:01,856 - db_helper - INFO - fetch_expenses_for_date called with 2024-08-01
2025-06-26 03:11:44,205 - db_helper - INFO - fetch_expenses_for_date called with 2024-09-30
2025-06-26 03:11:44,287 - db_helper - INFO - fetch_expense_summary called with start: 2024-08-01 end: 2024-08-05
2025-06-26 03:29:57,545 - db_helper - INFO - fetch_expenses_for_date called with 2024-09-07
2025-06-26 03:29:57,545 - db_helper - INFO - fetch_expenses_for_date called with 2024-09-03
2025-06-26 03:29:57,545 - db_helper - INFO - fetch_expenses_for_date called with 2024-08-01
2025-06-26 03:29:57,545 - db_helper - INFO - fetch_expenses_for_date called with 2024-08-01
2025-06-26 03:29:57,545 - db_helper - INFO - fetch_expenses_for_date called with 2024-08-01
2025-06-26 03:29:57,553 - db_helper - INFO - fetch_expenses_for_date called with 2024-08-01
2025-06-26 03:29:57,554 - db_helper - INFO - fetch_expenses_for_date called with 2024-09-03
2025-06-26 10:27:18,465 - db_helper - INFO - fetch_expenses_for_date called with 2024-09-03
2025-06-26 10:28:54,420 - db_helper - INFO - delete_expenses_for_date called with 2024-08-01
2025-06-26 10:28:54,475 - db_helper - INFO - insert_expenses_for_date: 2024-08-01, 5000.0, Shoping, clothes
2025-06-26 10:28:54,518 - db_helper - INFO - insert_expenses_for_date: 2024-08-01, 2000.0, Food, pani puri
2025-06-26 10:31:13,489 - db_helper - INFO - fetch_expense_summary called with 2024-09-03 to 2024-09-20
2025-06-26 10:37:30,894 - db_helper - INFO - fetch_expenses_for_date called with 2024-08-01
2025-06-26 10:37:37,254 - db_helper - INFO - fetch_expenses_for_date called with 2024-08-01
2025-06-26 10:37:39,470 - db_helper - INFO - fetch_expense_summary called with 2024-08-01 to 2024-08-05
2025-06-26 10:37:49,714 - db_helper - INFO - fetch_expenses_for_date called with 2024-08-01
2025-06-26 10:37:51,939 - db_helper - INFO - fetch_expense_summary called with 2024-08-01 to 2024-08-05
2025-06-26 10:37:58,519 - db_helper - INFO - fetch_expenses_for_date called with 2024-08-01
2025-06-26 10:38:00,819 - db_helper - INFO - fetch_expense_summary called with 2024-08-01 to 2024-08-28
2025-06-26 10:38:53,298 - db_helper - INFO - fetch_expenses_for_date called with 2024-08-01
2025-06-26 10:38:55,529 - db_helper - INFO - fetch_expense_summary called with 2024-09-03 to 2024-09-20
2025-06-26 10:49:53,205 - db_helper - INFO - fetch_expenses_for_date called with 2024-08-01
2025-06-26 10:49:57,999 - db_helper - INFO - fetch_expenses_for_date called with 2024-08-01
2025-06-26 10:50:00,115 - db_helper - INFO - fetch_expense_summary called with 2024-08-01 to 2024-08-05
2025-06-26 10:50:22,310 - db_helper - INFO - fetch_expenses_for_date called with 2024-08-01
2025-06-26 10:50:24,403 - db_helper - INFO - fetch_expense_summary called with 2024-08-01 to 2024-08-05
2025-06-26 10:50:29,074 - db_helper - INFO - fetch_expenses_for_date called with 2024-08-01
2025-06-26 10:50:29,149 - db_helper - INFO - delete_expenses_for_date called with 2024-08-01
2025-06-26 10:50:29,230 - db_helper - INFO - insert_expenses_for_date: 2024-08-01, 5000.0, Rent, clothes
2025-06-26 10:50:29,271 - db_helper - INFO - insert_expenses_for_date: 2024-08-01, 2000.0, Food, pani puri
2025-06-26 10:51:44,914 - db_helper - INFO - fetch_expenses_for_date called with 2024-08-01
2025-06-26 10:51:52,645 - db_helper - INFO - fetch_expenses_for_date called with 2024-08-01
2025-06-26 10:51:54,907 - db_helper - INFO - fetch_expense_summary called with 2024-08-31 to 2024-08-20
2025-06-26 10:52:12,718 - db_helper - INFO - fetch_expenses_for_date called with 2024-08-01
2025-06-26 10:52:15,113 - db_helper - INFO - fetch_expense_summary called with 2025-08-06 to 2025-08-07
2025-06-26 10:52:29,279 - db_helper - INFO - fetch_expenses_for_date called with 2024-08-01
2025-06-26 10:52:31,509 - db_helper - INFO - fetch_expense_summary called with 2025-09-11 to 2025-09-26
2025-06-26 10:52:44,441 - db_helper - INFO - fetch_expenses_for_date called with 2024-08-01
2025-06-26 10:52:46,739 - db_helper - INFO - fetch_expense_summary called with 2025-08-08 to 2025-09-20
2025-06-26 10:52:58,118 - db_helper - INFO - fetch_expenses_for_date called with 2024-08-01
2025-06-26 10:53:02,221 - db_helper - INFO - fetch_expenses_for_date called with 2024-08-01
2025-06-26 10:53:04,568 - db_helper - INFO - fetch_expense_summary called with 2024-08-01 to 2024-08-05
2025-06-26 11:24:43,558 - db_helper - INFO - fetch_expenses_for_date called with 2024-08-01
2025-06-26 11:24:45,690 - db_helper - INFO - fetch_expense_summary called with 2024-08-01 to 2024-08-05
2025-06-26 11:25:55,997 - db_helper - INFO - fetch_expenses_for_date called with 2024-08-01
2025-06-26 11:25:58,116 - db_helper - INFO - fetch_expense_summary called with 2024-08-01 to 2024-08-01
2025-06-26 11:45:37,839 - db_helper - INFO - fetch_expenses_for_date called with 2024-08-01
2025-06-26 11:45:40,289 - db_helper - INFO - fetch_expense_summary called with 2024-08-01 to 2024-08-01
2025-06-26 11:45:44,279 - db_helper - INFO - fetch_expenses_for_date called with 2024-08-01
2025-06-26 11:45:46,534 - db_helper - INFO - fetch_expense_summary called with 2024-08-01 to 2024-08-15
2025-06-26 11:47:16,680 - db_helper - INFO - fetch_expense_summary called with 2024-09-03 to 2024-09-20
2025-06-26 11:47:25,606 - db_helper - INFO - delete_expenses_for_date called with 2024-08-01
2025-06-26 11:47:25,699 - db_helper - INFO - insert_expenses_for_date: 2024-08-01, 5000.0, Shopping, clothes
2025-06-26 11:47:25,795 - db_helper - INFO - insert_expenses_for_date: 2024-08-01, 2000.0, Food, pani puri
2025-06-26 11:47:29,211 - db_helper - INFO - fetch_expenses_for_date called with 2024-09-03
2025-06-26 11:47:35,707 - db_helper - INFO - fetch_expenses_for_date called with 2024-09-03
2025-06-26 11:47:45,003 - db_helper - INFO - fetch_expenses_for_date called with 2024-08-01
2025-06-26 11:47:47,910 - db_helper - INFO - delete_expenses_for_date called with 2024-08-01
2025-06-26 11:47:48,018 - db_helper - INFO - insert_expenses_for_date: 2024-08-01, 5000.0, Shopping, clothes
2025-06-26 11:47:48,114 - db_helper - INFO - insert_expenses_for_date: 2024-08-01, 2000.0, Food, pani puri
2025-06-26 11:47:51,513 - db_helper - INFO - fetch_expense_summary called with 2024-09-03 to 2024-09-20
2025-06-26 11:48:06,045 - db_helper - INFO - fetch_expense_summary called with 2024-09-01 to 2024-09-20
2025-06-26 11:48:15,868 - db_helper - INFO - fetch_expense_summary called with 2024-09-01 to 2024-09-05
2025-06-26 11:48:24,753 - db_helper - INFO - fetch_expenses_for_date called with 2024-08-01
2025-06-26 11:48:26,968 - db_helper - INFO - fetch_expense_summary called with 2024-08-01 to 2024-08-05
2025-06-26 11:49:09,695 - db_helper - INFO - delete_expenses_for_date called with 2024-08-05
2025-06-26 11:49:09,735 - db_helper - INFO - insert_expenses_for_date: 2024-08-05, 5000.0, Shopping, clothes
2025-06-26 11:49:09,801 - db_helper - INFO - insert_expenses_for_date: 2024-08-05, 2000.0, Food, pani puri
2025-06-26 11:49:17,093 - db_helper - INFO - fetch_expenses_for_date called with 2024-08-01
2025-06-26 11:49:19,194 - db_helper - INFO - fetch_expense_summary called with 2024-08-01 to 2024-08-05
2025-06-26 11:50:03,007 - db_helper - INFO - fetch_expense_summary called with 2024-08-01 to 2024-08-05
2025-06-26 11:50:26,187 - db_helper - INFO - fetch_expenses_for_date called with 2024-08-05
2025-06-26 11:50:36,715 - db_helper - INFO - fetch_expense_summary called with 2024-08-01 to 2024-08-05
2025-06-26 11:51:24,643 - db_helper - INFO - fetch_expenses_for_date called with 2024-08-05
2025-06-26 11:51:27,198 - db_helper - INFO - delete_expenses_for_date called with 2024-08-05
2025-06-26 11:51:27,271 - db_helper - INFO - insert_expenses_for_date: 2024-08-05, 5000.0, Shopping, clothes
2025-06-26 11:51:27,319 - db_helper - INFO - insert_expenses_for_date: 2024-08-05, 2000.0, Food, pani puri
2025-06-26 11:51:29,712 - db_helper - INFO - fetch_expense_summary called with 2024-08-01 to 2024-08-05
